<?xml version="1.0" encoding="UTF-8"?>
<testng-results skipped="0" failed="0" ignored="0" total="1" passed="1">
  <reporter-output>
  </reporter-output>
  <suite name="Default suite" duration-ms="649" started-at="2017-07-28T13:55:23Z" finished-at="2017-07-28T13:55:24Z">
    <groups>
    </groups>
    <test name="Default test" duration-ms="649" started-at="2017-07-28T13:55:23Z" finished-at="2017-07-28T13:55:24Z">
      <class name="com.epam.webservices.training.tests.ApacheHttpClientTest">
        <test-method status="PASS" signature="checkStatusCodeTest()[pri:0, instance:com.epam.webservices.training.tests.ApacheHttpClientTest@482f8f11]" name="checkStatusCodeTest" duration-ms="633" started-at="2017-07-28T16:55:23Z" finished-at="2017-07-28T16:55:24Z">
          <reporter-output>
          </reporter-output>
        </test-method> <!-- checkStatusCodeTest -->
      </class> <!-- com.epam.webservices.training.tests.ApacheHttpClientTest -->
    </test> <!-- Default test -->
  </suite> <!-- Default suite -->
</testng-results>
